Determining if the pthread_create exist failed with the following output:
Change Dir: /home/robond/ROS_Udacity/build_isolated/rtabmap_launch/CMakeFiles/CMakeTmp

Run Build Command(s):/usr/bin/make cmTC_727bb/fast 
/usr/bin/make -f CMakeFiles/cmTC_727bb.dir/build.make CMakeFiles/cmTC_727bb.dir/build
make[1]: Entering directory '/home/robond/ROS_Udacity/build_isolated/rtabmap_launch/CMakeFiles/CMakeTmp'
Building C object CMakeFiles/cmTC_727bb.dir/CheckSymbolExists.c.o
/usr/bin/cc    -o CMakeFiles/cmTC_727bb.dir/CheckSymbolExists.c.o   -c /home/robond/ROS_Udacity/build_isolated/rtabmap_launch/CMakeFiles/CMakeTmp/CheckSymbolExists.c
Linking C executable cmTC_727bb
/usr/local/bin/cmake -E cmake_link_script CMakeFiles/cmTC_727bb.dir/link.txt --verbose=1
/usr/bin/cc      -rdynamic CMakeFiles/cmTC_727bb.dir/CheckSymbolExists.c.o  -o cmTC_727bb 
CMakeFiles/cmTC_727bb.dir/CheckSymbolExists.c.o: In function `main':
CheckSymbolExists.c:(.text+0x16): undefined reference to `pthread_create'
collect2: error: ld returned 1 exit status
CMakeFiles/cmTC_727bb.dir/build.make:86: recipe for target 'cmTC_727bb' failed
make[1]: *** [cmTC_727bb] Error 1
make[1]: Leaving directory '/home/robond/ROS_Udacity/build_isolated/rtabmap_launch/CMakeFiles/CMakeTmp'
Makefile:121: recipe for target 'cmTC_727bb/fast' failed
make: *** [cmTC_727bb/fast] Error 2

File /home/robond/ROS_Udacity/build_isolated/rtabmap_launch/CMakeFiles/CMakeTmp/CheckSymbolExists.c:
/* */
#include <pthread.h>

int main(int argc, char** argv)
{
  (void)argv;
#ifndef pthread_create
  return ((int*)(&pthread_create))[argc];
#else
  (void)argc;
  return 0;
#endif
}

Determining if the function pthread_create exists in the pthreads failed with the following output:
Change Dir: /home/robond/ROS_Udacity/build_isolated/rtabmap_launch/CMakeFiles/CMakeTmp

Run Build Command(s):/usr/bin/make cmTC_36e62/fast 
/usr/bin/make -f CMakeFiles/cmTC_36e62.dir/build.make CMakeFiles/cmTC_36e62.dir/build
make[1]: Entering directory '/home/robond/ROS_Udacity/build_isolated/rtabmap_launch/CMakeFiles/CMakeTmp'
Building C object CMakeFiles/cmTC_36e62.dir/CheckFunctionExists.c.o
/usr/bin/cc   -DCHECK_FUNCTION_EXISTS=pthread_create   -o CMakeFiles/cmTC_36e62.dir/CheckFunctionExists.c.o   -c /usr/local/share/cmake-3.14/Modules/CheckFunctionExists.c
Linking C executable cmTC_36e62
/usr/local/bin/cmake -E cmake_link_script CMakeFiles/cmTC_36e62.dir/link.txt --verbose=1
/usr/bin/cc  -DCHECK_FUNCTION_EXISTS=pthread_create    -rdynamic CMakeFiles/cmTC_36e62.dir/CheckFunctionExists.c.o  -o cmTC_36e62 -lpthreads 
/usr/bin/ld: cannot find -lpthreads
collect2: error: ld returned 1 exit status
CMakeFiles/cmTC_36e62.dir/build.make:86: recipe for target 'cmTC_36e62' failed
make[1]: *** [cmTC_36e62] Error 1
make[1]: Leaving directory '/home/robond/ROS_Udacity/build_isolated/rtabmap_launch/CMakeFiles/CMakeTmp'
Makefile:121: recipe for target 'cmTC_36e62/fast' failed
make: *** [cmTC_36e62/fast] Error 2


